<?xml version="1.0" encoding="UTF-8"?>
<!-- Generated by org.testng.reporters.JUnitReportReporter -->
<testsuite hostname="BINTERNS-QA34L" failures="0" tests="1" name="orangehrmTest.Testdata" time="0.415" errors="0" timestamp="2023-05-01T16:18:24 IST" skipped="0">
  <testcase classname="orangehrmTest.Testdata" name="Visiblity" time="0.415"/>
  <system-out/>
</testsuite> <!-- orangehrmTest.Testdata -->
